2024-11-01 18:37:24.306 | INFO     | __main__:get_pdf_files:65 - Checking if path is a file or directory: /Users/deveshsurve/UNIVERSITY/PROJECT/classify-pdf/data_files
2024-11-01 18:37:24.306 | INFO     | __main__:get_pdf_files:70 - Path is a directory: /Users/deveshsurve/UNIVERSITY/PROJECT/classify-pdf/data_files
2024-11-01 18:37:24.307 | INFO     | __main__:create_class_prompts:210 - Creating class prompts
2024-11-01 18:37:24.307 | INFO     | __main__:process_pdfs:398 - Processing file: /Users/deveshsurve/UNIVERSITY/PROJECT/classify-pdf/data_files/Compliance Report 4.pdf
2024-11-01 18:37:24.307 | INFO     | __main__:extract_text_ocr:81 - Extracting text from PDF file: /Users/deveshsurve/UNIVERSITY/PROJECT/classify-pdf/data_files/Compliance Report 4.pdf
2024-11-01 18:37:24.961 | INFO     | __main__:extract_text_ocr:85 - Converted PDF to 1 images
2024-11-01 18:37:30.716 | INFO     | __main__:extract_text_ocr:89 - Extracted text from image successfully
2024-11-01 18:37:30.717 | INFO     | __main__:wrapper:37 - Time taken for extract_text_ocr: 6.41 seconds
2024-11-01 18:37:30.717 | INFO     | __main__:refined_clean_text:118 - Beginning text cleaning
2024-11-01 18:37:30.718 | INFO     | __main__:refined_clean_text:148 - Text cleaning completed
2024-11-01 18:37:30.718 | INFO     | __main__:wrapper:37 - Time taken for refined_clean_text: 0.00 seconds
2024-11-01 18:37:30.718 | INFO     | __main__:classify_document:233 - Classifying document
2024-11-01 18:37:30.718 | INFO     | __main__:classify_document:236 - Classifying document for class: Compliance
2024-11-01 18:37:31.672 | INFO     | __main__:classify_document:236 - Classifying document for class: Sleep
2024-11-01 18:37:32.116 | INFO     | __main__:classify_document:236 - Classifying document for class: Order
2024-11-01 18:37:32.737 | INFO     | __main__:classify_document:236 - Classifying document for class: Delivery
2024-11-01 18:37:33.144 | INFO     | __main__:classify_document:236 - Classifying document for class: Physician
2024-11-01 18:37:33.761 | INFO     | __main__:classify_document:236 - Classifying document for class: Prescription
2024-11-01 18:37:34.165 | INFO     | __main__:classify_document:249 - High confidence classes: {'Compliance': 0.95}
2024-11-01 18:37:34.166 | INFO     | __main__:classify_document:268 - Predicted Class: Compliance, Confidence: 0.95
2024-11-01 18:37:34.166 | INFO     | __main__:classify_document:284 - Saving classification result for file: Compliance Report 4.pdf
2024-11-01 18:37:34.167 | INFO     | __main__:wrapper:37 - Time taken for classify_document: 3.45 seconds
2024-11-01 18:37:34.187 | INFO     | __main__:process_pdfs:426 - File: /Users/deveshsurve/UNIVERSITY/PROJECT/classify-pdf/data_files/Compliance Report 4.pdf, Predicted Class: Compliance, Confidence: 0.95
2024-11-01 18:37:34.187 | INFO     | __main__:process_pdfs:427 - Process Metadata: {'OCR': {'time': 6.410181045532227}, 'Text Cleaning': {'time': 0.0006620883941650391}, 'Classification': {'time': 3.4488091468811035}}
2024-11-01 18:37:34.188 | INFO     | __main__:process_pdfs:398 - Processing file: /Users/deveshsurve/UNIVERSITY/PROJECT/classify-pdf/data_files/Compliance Report 1.pdf
2024-11-01 18:37:34.188 | INFO     | __main__:extract_text_ocr:81 - Extracting text from PDF file: /Users/deveshsurve/UNIVERSITY/PROJECT/classify-pdf/data_files/Compliance Report 1.pdf
2024-11-01 18:37:34.751 | INFO     | __main__:extract_text_ocr:85 - Converted PDF to 4 images
2024-11-01 18:37:40.017 | INFO     | __main__:extract_text_ocr:89 - Extracted text from image successfully
2024-11-01 18:37:40.019 | INFO     | __main__:wrapper:37 - Time taken for extract_text_ocr: 5.83 seconds
2024-11-01 18:37:40.019 | INFO     | __main__:refined_clean_text:118 - Beginning text cleaning
2024-11-01 18:37:40.020 | INFO     | __main__:refined_clean_text:148 - Text cleaning completed
2024-11-01 18:37:40.020 | INFO     | __main__:wrapper:37 - Time taken for refined_clean_text: 0.00 seconds
2024-11-01 18:37:40.020 | INFO     | __main__:classify_document:233 - Classifying document
2024-11-01 18:37:40.020 | INFO     | __main__:classify_document:236 - Classifying document for class: Compliance
2024-11-01 18:37:40.518 | INFO     | __main__:classify_document:236 - Classifying document for class: Sleep
2024-11-01 18:37:40.862 | INFO     | __main__:classify_document:236 - Classifying document for class: Order
2024-11-01 18:37:41.439 | INFO     | __main__:classify_document:236 - Classifying document for class: Delivery
2024-11-01 18:37:41.823 | INFO     | __main__:classify_document:236 - Classifying document for class: Physician
2024-11-01 18:37:42.363 | INFO     | __main__:classify_document:236 - Classifying document for class: Prescription
2024-11-01 18:37:42.737 | INFO     | __main__:classify_document:249 - High confidence classes: {'Compliance': 0.95, 'Sleep': 0.95}
2024-11-01 18:37:42.738 | INFO     | __main__:classify_document:276 - Multiple high-confidence classifications found, using few-shot example classification
2024-11-01 18:37:42.738 | INFO     | __main__:classify_with_few_shot:311 - Classifying document with few-shot examples
2024-11-01 18:37:43.161 | INFO     | __main__:classify_document:284 - Saving classification result for file: Compliance Report 1.pdf
2024-11-01 18:37:43.162 | INFO     | __main__:wrapper:37 - Time taken for classify_document: 3.14 seconds
2024-11-01 18:37:43.168 | INFO     | __main__:process_pdfs:426 - File: /Users/deveshsurve/UNIVERSITY/PROJECT/classify-pdf/data_files/Compliance Report 1.pdf, Predicted Class: Compliance, Confidence: 0.9
2024-11-01 18:37:43.169 | INFO     | __main__:process_pdfs:427 - Process Metadata: {'OCR': {'time': 5.831600189208984}, 'Text Cleaning': {'time': 0.0005180835723876953}, 'Classification': {'time': 3.1415610313415527}}
2024-11-01 18:37:43.169 | INFO     | __main__:process_pdfs:398 - Processing file: /Users/deveshsurve/UNIVERSITY/PROJECT/classify-pdf/data_files/Compliance Report 2.pdf
2024-11-01 18:37:43.170 | INFO     | __main__:extract_text_ocr:81 - Extracting text from PDF file: /Users/deveshsurve/UNIVERSITY/PROJECT/classify-pdf/data_files/Compliance Report 2.pdf
2024-11-01 18:37:43.830 | INFO     | __main__:extract_text_ocr:85 - Converted PDF to 5 images
2024-11-01 18:37:50.135 | INFO     | __main__:extract_text_ocr:89 - Extracted text from image successfully
2024-11-01 18:37:50.138 | INFO     | __main__:wrapper:37 - Time taken for extract_text_ocr: 6.97 seconds
2024-11-01 18:37:50.138 | INFO     | __main__:refined_clean_text:118 - Beginning text cleaning
2024-11-01 18:37:50.139 | INFO     | __main__:refined_clean_text:148 - Text cleaning completed
2024-11-01 18:37:50.139 | INFO     | __main__:wrapper:37 - Time taken for refined_clean_text: 0.00 seconds
2024-11-01 18:37:50.139 | INFO     | __main__:classify_document:233 - Classifying document
2024-11-01 18:37:50.139 | INFO     | __main__:classify_document:236 - Classifying document for class: Compliance
2024-11-01 18:37:50.560 | INFO     | __main__:classify_document:236 - Classifying document for class: Sleep
2024-11-01 18:37:50.945 | INFO     | __main__:classify_document:236 - Classifying document for class: Order
2024-11-01 18:37:51.479 | INFO     | __main__:classify_document:236 - Classifying document for class: Delivery
2024-11-01 18:37:51.929 | INFO     | __main__:classify_document:236 - Classifying document for class: Physician
2024-11-01 18:37:52.351 | INFO     | __main__:classify_document:236 - Classifying document for class: Prescription
2024-11-01 18:37:52.917 | INFO     | __main__:classify_document:249 - High confidence classes: {'Compliance': 0.95, 'Sleep': 0.95}
2024-11-01 18:37:52.918 | INFO     | __main__:classify_document:276 - Multiple high-confidence classifications found, using few-shot example classification
2024-11-01 18:37:52.919 | INFO     | __main__:classify_with_few_shot:311 - Classifying document with few-shot examples
2024-11-01 18:37:53.330 | INFO     | __main__:classify_document:284 - Saving classification result for file: Compliance Report 2.pdf
2024-11-01 18:37:53.330 | INFO     | __main__:wrapper:37 - Time taken for classify_document: 3.19 seconds
2024-11-01 18:37:53.336 | INFO     | __main__:process_pdfs:426 - File: /Users/deveshsurve/UNIVERSITY/PROJECT/classify-pdf/data_files/Compliance Report 2.pdf, Predicted Class: Compliance, Confidence: 0.9
2024-11-01 18:37:53.337 | INFO     | __main__:process_pdfs:427 - Process Metadata: {'OCR': {'time': 6.968317031860352}, 'Text Cleaning': {'time': 0.000591278076171875}, 'Classification': {'time': 3.1917576789855957}}
2024-11-01 18:37:53.337 | INFO     | __main__:process_pdfs:398 - Processing file: /Users/deveshsurve/UNIVERSITY/PROJECT/classify-pdf/data_files/Compliance Report 3.pdf
2024-11-01 18:37:53.337 | INFO     | __main__:extract_text_ocr:81 - Extracting text from PDF file: /Users/deveshsurve/UNIVERSITY/PROJECT/classify-pdf/data_files/Compliance Report 3.pdf
2024-11-01 18:37:53.805 | INFO     | __main__:extract_text_ocr:85 - Converted PDF to 2 images
2024-11-01 18:37:56.891 | INFO     | __main__:extract_text_ocr:89 - Extracted text from image successfully
2024-11-01 18:37:56.892 | INFO     | __main__:wrapper:37 - Time taken for extract_text_ocr: 3.55 seconds
2024-11-01 18:37:56.892 | INFO     | __main__:refined_clean_text:118 - Beginning text cleaning
2024-11-01 18:37:56.892 | INFO     | __main__:refined_clean_text:148 - Text cleaning completed
2024-11-01 18:37:56.893 | INFO     | __main__:wrapper:37 - Time taken for refined_clean_text: 0.00 seconds
2024-11-01 18:37:56.893 | INFO     | __main__:classify_document:233 - Classifying document
2024-11-01 18:37:56.893 | INFO     | __main__:classify_document:236 - Classifying document for class: Compliance
2024-11-01 18:37:57.308 | INFO     | __main__:classify_document:236 - Classifying document for class: Sleep
2024-11-01 18:37:57.826 | INFO     | __main__:classify_document:236 - Classifying document for class: Order
2024-11-01 18:37:58.200 | INFO     | __main__:classify_document:236 - Classifying document for class: Delivery
2024-11-01 18:37:58.647 | INFO     | __main__:classify_document:236 - Classifying document for class: Physician
2024-11-01 18:37:59.131 | INFO     | __main__:classify_document:236 - Classifying document for class: Prescription
2024-11-01 18:37:59.563 | INFO     | __main__:classify_document:249 - High confidence classes: {'Compliance': 0.95, 'Sleep': 0.95}
2024-11-01 18:37:59.564 | INFO     | __main__:classify_document:276 - Multiple high-confidence classifications found, using few-shot example classification
2024-11-01 18:37:59.564 | INFO     | __main__:classify_with_few_shot:311 - Classifying document with few-shot examples
2024-11-01 18:37:59.974 | INFO     | __main__:classify_document:284 - Saving classification result for file: Compliance Report 3.pdf
2024-11-01 18:37:59.975 | INFO     | __main__:wrapper:37 - Time taken for classify_document: 3.08 seconds
2024-11-01 18:37:59.981 | INFO     | __main__:process_pdfs:426 - File: /Users/deveshsurve/UNIVERSITY/PROJECT/classify-pdf/data_files/Compliance Report 3.pdf, Predicted Class: Compliance, Confidence: 0.9
2024-11-01 18:37:59.982 | INFO     | __main__:process_pdfs:427 - Process Metadata: {'OCR': {'time': 3.5547709465026855}, 'Text Cleaning': {'time': 0.0004248619079589844}, 'Classification': {'time': 3.0820958614349365}}
2024-11-01 18:37:59.982 | INFO     | __main__:process_pdfs:398 - Processing file: /Users/deveshsurve/UNIVERSITY/PROJECT/classify-pdf/data_files/Sleep Study Report 3.pdf
2024-11-01 18:37:59.982 | INFO     | __main__:extract_text_ocr:81 - Extracting text from PDF file: /Users/deveshsurve/UNIVERSITY/PROJECT/classify-pdf/data_files/Sleep Study Report 3.pdf
2024-11-01 18:38:00.597 | INFO     | __main__:extract_text_ocr:85 - Converted PDF to 3 images
2024-11-01 18:38:05.191 | INFO     | __main__:extract_text_ocr:89 - Extracted text from image successfully
2024-11-01 18:38:05.193 | INFO     | __main__:wrapper:37 - Time taken for extract_text_ocr: 5.21 seconds
2024-11-01 18:38:05.193 | INFO     | __main__:refined_clean_text:118 - Beginning text cleaning
2024-11-01 18:38:05.193 | INFO     | __main__:refined_clean_text:148 - Text cleaning completed
2024-11-01 18:38:05.194 | INFO     | __main__:wrapper:37 - Time taken for refined_clean_text: 0.00 seconds
2024-11-01 18:38:05.194 | INFO     | __main__:classify_document:233 - Classifying document
2024-11-01 18:38:05.194 | INFO     | __main__:classify_document:236 - Classifying document for class: Compliance
2024-11-01 18:38:05.815 | INFO     | __main__:classify_document:236 - Classifying document for class: Sleep
2024-11-01 18:38:06.293 | INFO     | __main__:classify_document:236 - Classifying document for class: Order
2024-11-01 18:38:06.834 | INFO     | __main__:classify_document:236 - Classifying document for class: Delivery
2024-11-01 18:38:07.246 | INFO     | __main__:classify_document:236 - Classifying document for class: Physician
2024-11-01 18:38:07.654 | INFO     | __main__:classify_document:236 - Classifying document for class: Prescription
2024-11-01 18:38:08.164 | INFO     | __main__:classify_document:249 - High confidence classes: {'Sleep': 0.95, 'Physician': 0.95}
2024-11-01 18:38:08.165 | INFO     | __main__:classify_document:276 - Multiple high-confidence classifications found, using few-shot example classification
2024-11-01 18:38:08.165 | INFO     | __main__:classify_with_few_shot:311 - Classifying document with few-shot examples
2024-11-01 18:38:08.684 | INFO     | __main__:classify_document:284 - Saving classification result for file: Sleep Study Report 3.pdf
2024-11-01 18:38:08.685 | INFO     | __main__:wrapper:37 - Time taken for classify_document: 3.49 seconds
2024-11-01 18:38:08.695 | INFO     | __main__:process_pdfs:426 - File: /Users/deveshsurve/UNIVERSITY/PROJECT/classify-pdf/data_files/Sleep Study Report 3.pdf, Predicted Class: Sleep, Confidence: 0.9
2024-11-01 18:38:08.696 | INFO     | __main__:process_pdfs:427 - Process Metadata: {'OCR': {'time': 5.210414886474609}, 'Text Cleaning': {'time': 0.0006499290466308594}, 'Classification': {'time': 3.4917988777160645}}
2024-11-01 18:38:08.696 | INFO     | __main__:process_pdfs:398 - Processing file: /Users/deveshsurve/UNIVERSITY/PROJECT/classify-pdf/data_files/Sleep Study Report 2.pdf
2024-11-01 18:38:08.697 | INFO     | __main__:extract_text_ocr:81 - Extracting text from PDF file: /Users/deveshsurve/UNIVERSITY/PROJECT/classify-pdf/data_files/Sleep Study Report 2.pdf
2024-11-01 18:38:09.984 | INFO     | __main__:extract_text_ocr:85 - Converted PDF to 3 images
2024-11-01 18:38:14.891 | INFO     | __main__:extract_text_ocr:89 - Extracted text from image successfully
2024-11-01 18:38:14.893 | INFO     | __main__:wrapper:37 - Time taken for extract_text_ocr: 6.20 seconds
2024-11-01 18:38:14.893 | INFO     | __main__:refined_clean_text:118 - Beginning text cleaning
2024-11-01 18:38:14.894 | INFO     | __main__:refined_clean_text:148 - Text cleaning completed
2024-11-01 18:38:14.894 | INFO     | __main__:wrapper:37 - Time taken for refined_clean_text: 0.00 seconds
2024-11-01 18:38:14.894 | INFO     | __main__:classify_document:233 - Classifying document
2024-11-01 18:38:14.894 | INFO     | __main__:classify_document:236 - Classifying document for class: Compliance
2024-11-01 18:38:15.405 | INFO     | __main__:classify_document:236 - Classifying document for class: Sleep
2024-11-01 18:38:15.848 | INFO     | __main__:classify_document:236 - Classifying document for class: Order
2024-11-01 18:38:16.253 | INFO     | __main__:classify_document:236 - Classifying document for class: Delivery
2024-11-01 18:38:16.664 | INFO     | __main__:classify_document:236 - Classifying document for class: Physician
2024-11-01 18:38:17.077 | INFO     | __main__:classify_document:236 - Classifying document for class: Prescription
2024-11-01 18:38:17.584 | INFO     | __main__:classify_document:249 - High confidence classes: {'Sleep': 0.95, 'Physician': 0.95}
2024-11-01 18:38:17.585 | INFO     | __main__:classify_document:276 - Multiple high-confidence classifications found, using few-shot example classification
2024-11-01 18:38:17.585 | INFO     | __main__:classify_with_few_shot:311 - Classifying document with few-shot examples
2024-11-01 18:38:18.206 | INFO     | __main__:classify_document:284 - Saving classification result for file: Sleep Study Report 2.pdf
2024-11-01 18:38:18.206 | INFO     | __main__:wrapper:37 - Time taken for classify_document: 3.31 seconds
2024-11-01 18:38:18.214 | INFO     | __main__:process_pdfs:426 - File: /Users/deveshsurve/UNIVERSITY/PROJECT/classify-pdf/data_files/Sleep Study Report 2.pdf, Predicted Class: Sleep, Confidence: 0.9
2024-11-01 18:38:18.214 | INFO     | __main__:process_pdfs:427 - Process Metadata: {'OCR': {'time': 6.1962549686431885}, 'Text Cleaning': {'time': 0.0007100105285644531}, 'Classification': {'time': 3.3126089572906494}}
2024-11-01 18:38:18.214 | INFO     | __main__:process_pdfs:398 - Processing file: /Users/deveshsurve/UNIVERSITY/PROJECT/classify-pdf/data_files/Sleep Study Report 1.pdf
2024-11-01 18:38:18.214 | INFO     | __main__:extract_text_ocr:81 - Extracting text from PDF file: /Users/deveshsurve/UNIVERSITY/PROJECT/classify-pdf/data_files/Sleep Study Report 1.pdf
2024-11-01 18:38:18.932 | INFO     | __main__:extract_text_ocr:85 - Converted PDF to 3 images
2024-11-01 18:38:24.826 | INFO     | __main__:extract_text_ocr:89 - Extracted text from image successfully
2024-11-01 18:38:24.828 | INFO     | __main__:wrapper:37 - Time taken for extract_text_ocr: 6.61 seconds
2024-11-01 18:38:24.828 | INFO     | __main__:refined_clean_text:118 - Beginning text cleaning
2024-11-01 18:38:24.829 | INFO     | __main__:refined_clean_text:148 - Text cleaning completed
2024-11-01 18:38:24.829 | INFO     | __main__:wrapper:37 - Time taken for refined_clean_text: 0.00 seconds
2024-11-01 18:38:24.829 | INFO     | __main__:classify_document:233 - Classifying document
2024-11-01 18:38:24.829 | INFO     | __main__:classify_document:236 - Classifying document for class: Compliance
2024-11-01 18:38:25.630 | INFO     | __main__:classify_document:236 - Classifying document for class: Sleep
2024-11-01 18:38:26.082 | INFO     | __main__:classify_document:236 - Classifying document for class: Order
2024-11-01 18:38:26.700 | INFO     | __main__:classify_document:236 - Classifying document for class: Delivery
2024-11-01 18:38:27.213 | INFO     | __main__:classify_document:236 - Classifying document for class: Physician
2024-11-01 18:38:27.765 | INFO     | __main__:classify_document:236 - Classifying document for class: Prescription
2024-11-01 18:38:28.347 | INFO     | __main__:classify_document:249 - High confidence classes: {'Sleep': 0.95, 'Physician': 0.95}
2024-11-01 18:38:28.347 | INFO     | __main__:classify_document:276 - Multiple high-confidence classifications found, using few-shot example classification
2024-11-01 18:38:28.348 | INFO     | __main__:classify_with_few_shot:311 - Classifying document with few-shot examples
2024-11-01 18:38:28.953 | INFO     | __main__:classify_document:284 - Saving classification result for file: Sleep Study Report 1.pdf
2024-11-01 18:38:28.954 | INFO     | __main__:wrapper:37 - Time taken for classify_document: 4.12 seconds
2024-11-01 18:38:28.962 | INFO     | __main__:process_pdfs:426 - File: /Users/deveshsurve/UNIVERSITY/PROJECT/classify-pdf/data_files/Sleep Study Report 1.pdf, Predicted Class: Sleep, Confidence: 0.9
2024-11-01 18:38:28.962 | INFO     | __main__:process_pdfs:427 - Process Metadata: {'OCR': {'time': 6.613480091094971}, 'Text Cleaning': {'time': 0.0007369518280029297}, 'Classification': {'time': 4.124898195266724}}
2024-11-01 18:38:28.963 | INFO     | __main__:process_pdfs:398 - Processing file: /Users/deveshsurve/UNIVERSITY/PROJECT/classify-pdf/data_files/Sleep Study Report 4.pdf
2024-11-01 18:38:28.963 | INFO     | __main__:extract_text_ocr:81 - Extracting text from PDF file: /Users/deveshsurve/UNIVERSITY/PROJECT/classify-pdf/data_files/Sleep Study Report 4.pdf
2024-11-01 18:38:29.952 | INFO     | __main__:extract_text_ocr:85 - Converted PDF to 4 images
2024-11-01 18:38:39.060 | INFO     | __main__:extract_text_ocr:89 - Extracted text from image successfully
2024-11-01 18:38:39.063 | INFO     | __main__:wrapper:37 - Time taken for extract_text_ocr: 10.10 seconds
2024-11-01 18:38:39.063 | INFO     | __main__:refined_clean_text:118 - Beginning text cleaning
2024-11-01 18:38:39.064 | INFO     | __main__:refined_clean_text:148 - Text cleaning completed
2024-11-01 18:38:39.064 | INFO     | __main__:wrapper:37 - Time taken for refined_clean_text: 0.00 seconds
2024-11-01 18:38:39.064 | INFO     | __main__:classify_document:233 - Classifying document
2024-11-01 18:38:39.064 | INFO     | __main__:classify_document:236 - Classifying document for class: Compliance
2024-11-01 18:38:39.658 | INFO     | __main__:classify_document:236 - Classifying document for class: Sleep
2024-11-01 18:38:40.243 | INFO     | __main__:classify_document:236 - Classifying document for class: Order
2024-11-01 18:38:40.728 | INFO     | __main__:classify_document:236 - Classifying document for class: Delivery
2024-11-01 18:38:41.240 | INFO     | __main__:classify_document:236 - Classifying document for class: Physician
2024-11-01 18:38:41.765 | INFO     | __main__:classify_document:236 - Classifying document for class: Prescription
2024-11-01 18:38:42.272 | INFO     | __main__:classify_document:249 - High confidence classes: {'Sleep': 0.9, 'Physician': 0.85}
2024-11-01 18:38:42.273 | INFO     | __main__:classify_document:276 - Multiple high-confidence classifications found, using few-shot example classification
2024-11-01 18:38:42.273 | INFO     | __main__:classify_with_few_shot:311 - Classifying document with few-shot examples
2024-11-01 18:38:42.986 | INFO     | __main__:classify_document:284 - Saving classification result for file: Sleep Study Report 4.pdf
2024-11-01 18:38:42.987 | INFO     | __main__:wrapper:37 - Time taken for classify_document: 3.92 seconds
2024-11-01 18:38:42.997 | INFO     | __main__:process_pdfs:426 - File: /Users/deveshsurve/UNIVERSITY/PROJECT/classify-pdf/data_files/Sleep Study Report 4.pdf, Predicted Class: Sleep, Confidence: 0.9
2024-11-01 18:38:42.997 | INFO     | __main__:process_pdfs:427 - Process Metadata: {'OCR': {'time': 10.100012063980103}, 'Text Cleaning': {'time': 0.0010881423950195312}, 'Classification': {'time': 3.922752618789673}}
2024-11-01 18:38:42.997 | INFO     | __main__:process_pdfs:398 - Processing file: /Users/deveshsurve/UNIVERSITY/PROJECT/classify-pdf/data_files/Order 3.pdf
2024-11-01 18:38:42.998 | INFO     | __main__:extract_text_ocr:81 - Extracting text from PDF file: /Users/deveshsurve/UNIVERSITY/PROJECT/classify-pdf/data_files/Order 3.pdf
2024-11-01 18:38:43.258 | INFO     | __main__:extract_text_ocr:85 - Converted PDF to 1 images
2024-11-01 18:38:45.233 | INFO     | __main__:extract_text_ocr:89 - Extracted text from image successfully
2024-11-01 18:38:45.233 | INFO     | __main__:wrapper:37 - Time taken for extract_text_ocr: 2.24 seconds
2024-11-01 18:38:45.233 | INFO     | __main__:refined_clean_text:118 - Beginning text cleaning
2024-11-01 18:38:45.234 | INFO     | __main__:refined_clean_text:148 - Text cleaning completed
2024-11-01 18:38:45.234 | INFO     | __main__:wrapper:37 - Time taken for refined_clean_text: 0.00 seconds
2024-11-01 18:38:45.234 | INFO     | __main__:classify_document:233 - Classifying document
2024-11-01 18:38:45.234 | INFO     | __main__:classify_document:236 - Classifying document for class: Compliance
2024-11-01 18:38:45.853 | INFO     | __main__:classify_document:236 - Classifying document for class: Sleep
2024-11-01 18:38:46.260 | INFO     | __main__:classify_document:236 - Classifying document for class: Order
2024-11-01 18:38:46.671 | INFO     | __main__:classify_document:236 - Classifying document for class: Delivery
2024-11-01 18:38:47.081 | INFO     | __main__:classify_document:236 - Classifying document for class: Physician
2024-11-01 18:38:47.392 | INFO     | __main__:classify_document:236 - Classifying document for class: Prescription
2024-11-01 18:38:47.799 | INFO     | __main__:classify_document:249 - High confidence classes: {'Order': 0.95, 'Physician': 0.9}
2024-11-01 18:38:47.799 | INFO     | __main__:classify_document:276 - Multiple high-confidence classifications found, using few-shot example classification
2024-11-01 18:38:47.800 | INFO     | __main__:classify_with_few_shot:311 - Classifying document with few-shot examples
2024-11-01 18:38:48.118 | INFO     | __main__:classify_document:284 - Saving classification result for file: Order 3.pdf
2024-11-01 18:38:48.118 | INFO     | __main__:wrapper:37 - Time taken for classify_document: 2.88 seconds
2024-11-01 18:38:48.124 | INFO     | __main__:process_pdfs:426 - File: /Users/deveshsurve/UNIVERSITY/PROJECT/classify-pdf/data_files/Order 3.pdf, Predicted Class: Order, Confidence: 0.9
2024-11-01 18:38:48.124 | INFO     | __main__:process_pdfs:427 - Process Metadata: {'OCR': {'time': 2.2356507778167725}, 'Text Cleaning': {'time': 0.00035691261291503906}, 'Classification': {'time': 2.884251832962036}}
2024-11-01 18:38:48.125 | INFO     | __main__:process_pdfs:398 - Processing file: /Users/deveshsurve/UNIVERSITY/PROJECT/classify-pdf/data_files/Delivery Ticket 2.pdf
2024-11-01 18:38:48.125 | INFO     | __main__:extract_text_ocr:81 - Extracting text from PDF file: /Users/deveshsurve/UNIVERSITY/PROJECT/classify-pdf/data_files/Delivery Ticket 2.pdf
2024-11-01 18:38:48.499 | INFO     | __main__:extract_text_ocr:85 - Converted PDF to 2 images
2024-11-01 18:38:52.087 | INFO     | __main__:extract_text_ocr:89 - Extracted text from image successfully
2024-11-01 18:38:52.089 | INFO     | __main__:wrapper:37 - Time taken for extract_text_ocr: 3.96 seconds
2024-11-01 18:38:52.089 | INFO     | __main__:refined_clean_text:118 - Beginning text cleaning
2024-11-01 18:38:52.090 | INFO     | __main__:refined_clean_text:148 - Text cleaning completed
2024-11-01 18:38:52.090 | INFO     | __main__:wrapper:37 - Time taken for refined_clean_text: 0.00 seconds
2024-11-01 18:38:52.090 | INFO     | __main__:classify_document:233 - Classifying document
2024-11-01 18:38:52.090 | INFO     | __main__:classify_document:236 - Classifying document for class: Compliance
2024-11-01 18:38:52.964 | INFO     | __main__:classify_document:236 - Classifying document for class: Sleep
2024-11-01 18:38:53.449 | INFO     | __main__:classify_document:236 - Classifying document for class: Order
2024-11-01 18:38:53.937 | INFO     | __main__:classify_document:236 - Classifying document for class: Delivery
2024-11-01 18:38:54.554 | INFO     | __main__:classify_document:236 - Classifying document for class: Physician
2024-11-01 18:38:55.065 | INFO     | __main__:classify_document:236 - Classifying document for class: Prescription
2024-11-01 18:38:55.572 | INFO     | __main__:classify_document:249 - High confidence classes: {'Order': 0.95, 'Delivery': 0.95}
2024-11-01 18:38:55.572 | INFO     | __main__:classify_document:276 - Multiple high-confidence classifications found, using few-shot example classification
2024-11-01 18:38:55.573 | INFO     | __main__:classify_with_few_shot:311 - Classifying document with few-shot examples
2024-11-01 18:38:55.921 | INFO     | __main__:classify_document:284 - Saving classification result for file: Delivery Ticket 2.pdf
2024-11-01 18:38:55.922 | INFO     | __main__:wrapper:37 - Time taken for classify_document: 3.83 seconds
2024-11-01 18:38:55.929 | INFO     | __main__:process_pdfs:426 - File: /Users/deveshsurve/UNIVERSITY/PROJECT/classify-pdf/data_files/Delivery Ticket 2.pdf, Predicted Class: Delivery, Confidence: 0.9
2024-11-01 18:38:55.929 | INFO     | __main__:process_pdfs:427 - Process Metadata: {'OCR': {'time': 3.9639947414398193}, 'Text Cleaning': {'time': 0.0005297660827636719}, 'Classification': {'time': 3.8321139812469482}}
2024-11-01 18:38:55.929 | INFO     | __main__:process_pdfs:398 - Processing file: /Users/deveshsurve/UNIVERSITY/PROJECT/classify-pdf/data_files/Physician Notes 1.pdf
2024-11-01 18:38:55.930 | INFO     | __main__:extract_text_ocr:81 - Extracting text from PDF file: /Users/deveshsurve/UNIVERSITY/PROJECT/classify-pdf/data_files/Physician Notes 1.pdf
2024-11-01 18:38:59.796 | INFO     | __main__:extract_text_ocr:85 - Converted PDF to 17 images
2024-11-01 18:39:34.075 | INFO     | __main__:extract_text_ocr:89 - Extracted text from image successfully
2024-11-01 18:39:34.090 | INFO     | __main__:wrapper:37 - Time taken for extract_text_ocr: 38.16 seconds
2024-11-01 18:39:34.090 | INFO     | __main__:refined_clean_text:118 - Beginning text cleaning
2024-11-01 18:39:34.094 | INFO     | __main__:refined_clean_text:148 - Text cleaning completed
2024-11-01 18:39:34.094 | INFO     | __main__:wrapper:37 - Time taken for refined_clean_text: 0.00 seconds
2024-11-01 18:39:34.094 | INFO     | __main__:classify_document:233 - Classifying document
2024-11-01 18:39:34.094 | INFO     | __main__:classify_document:236 - Classifying document for class: Compliance
2024-11-01 18:39:34.906 | INFO     | __main__:classify_document:236 - Classifying document for class: Sleep
2024-11-01 18:39:36.331 | INFO     | __main__:classify_document:236 - Classifying document for class: Order
2024-11-01 18:39:37.357 | INFO     | __main__:classify_document:236 - Classifying document for class: Delivery
2024-11-01 18:39:38.297 | INFO     | __main__:classify_document:236 - Classifying document for class: Physician
2024-11-01 18:39:39.101 | INFO     | __main__:classify_document:236 - Classifying document for class: Prescription
2024-11-01 18:39:41.041 | INFO     | __main__:classify_document:249 - High confidence classes: {'Sleep': 0.95, 'Physician': 0.95, 'Prescription': 0.95}
2024-11-01 18:39:41.042 | INFO     | __main__:classify_document:276 - Multiple high-confidence classifications found, using few-shot example classification
2024-11-01 18:39:41.042 | INFO     | __main__:classify_with_few_shot:311 - Classifying document with few-shot examples
2024-11-01 18:39:41.962 | INFO     | __main__:classify_document:284 - Saving classification result for file: Physician Notes 1.pdf
2024-11-01 18:39:41.962 | INFO     | __main__:wrapper:37 - Time taken for classify_document: 7.87 seconds
2024-11-01 18:39:41.970 | INFO     | __main__:process_pdfs:426 - File: /Users/deveshsurve/UNIVERSITY/PROJECT/classify-pdf/data_files/Physician Notes 1.pdf, Predicted Class: Physician, Confidence: 0.9
2024-11-01 18:39:41.971 | INFO     | __main__:process_pdfs:427 - Process Metadata: {'OCR': {'time': 38.16024684906006}, 'Text Cleaning': {'time': 0.004203081130981445}, 'Classification': {'time': 7.867603302001953}}
2024-11-01 18:39:41.971 | INFO     | __main__:process_pdfs:398 - Processing file: /Users/deveshsurve/UNIVERSITY/PROJECT/classify-pdf/data_files/Prescription 4.pdf
2024-11-01 18:39:41.971 | INFO     | __main__:extract_text_ocr:81 - Extracting text from PDF file: /Users/deveshsurve/UNIVERSITY/PROJECT/classify-pdf/data_files/Prescription 4.pdf
2024-11-01 18:39:42.264 | INFO     | __main__:extract_text_ocr:85 - Converted PDF to 1 images
2024-11-01 18:39:44.466 | INFO     | __main__:extract_text_ocr:89 - Extracted text from image successfully
2024-11-01 18:39:44.467 | INFO     | __main__:wrapper:37 - Time taken for extract_text_ocr: 2.50 seconds
2024-11-01 18:39:44.467 | INFO     | __main__:refined_clean_text:118 - Beginning text cleaning
2024-11-01 18:39:44.468 | INFO     | __main__:refined_clean_text:148 - Text cleaning completed
2024-11-01 18:39:44.468 | INFO     | __main__:wrapper:37 - Time taken for refined_clean_text: 0.00 seconds
2024-11-01 18:39:44.468 | INFO     | __main__:classify_document:233 - Classifying document
2024-11-01 18:39:44.468 | INFO     | __main__:classify_document:236 - Classifying document for class: Compliance
2024-11-01 18:39:45.657 | INFO     | __main__:classify_document:236 - Classifying document for class: Sleep
2024-11-01 18:39:46.092 | INFO     | __main__:classify_document:236 - Classifying document for class: Order
2024-11-01 18:39:46.569 | INFO     | __main__:classify_document:236 - Classifying document for class: Delivery
2024-11-01 18:39:47.084 | INFO     | __main__:classify_document:236 - Classifying document for class: Physician
2024-11-01 18:39:47.605 | INFO     | __main__:classify_document:236 - Classifying document for class: Prescription
2024-11-01 18:39:48.059 | INFO     | __main__:classify_document:249 - High confidence classes: {'Order': 0.95, 'Prescription': 0.85}
2024-11-01 18:39:48.060 | INFO     | __main__:classify_document:276 - Multiple high-confidence classifications found, using few-shot example classification
2024-11-01 18:39:48.060 | INFO     | __main__:classify_with_few_shot:311 - Classifying document with few-shot examples
2024-11-01 18:39:48.514 | INFO     | __main__:classify_document:284 - Saving classification result for file: Prescription 4.pdf
2024-11-01 18:39:48.515 | INFO     | __main__:wrapper:37 - Time taken for classify_document: 4.05 seconds
2024-11-01 18:39:48.520 | INFO     | __main__:process_pdfs:426 - File: /Users/deveshsurve/UNIVERSITY/PROJECT/classify-pdf/data_files/Prescription 4.pdf, Predicted Class: Prescription, Confidence: 0.9
2024-11-01 18:39:48.521 | INFO     | __main__:process_pdfs:427 - Process Metadata: {'OCR': {'time': 2.495792865753174}, 'Text Cleaning': {'time': 0.00043511390686035156}, 'Classification': {'time': 4.04712700843811}}
2024-11-01 18:39:48.521 | INFO     | __main__:process_pdfs:398 - Processing file: /Users/deveshsurve/UNIVERSITY/PROJECT/classify-pdf/data_files/Order 2.pdf
2024-11-01 18:39:48.521 | INFO     | __main__:extract_text_ocr:81 - Extracting text from PDF file: /Users/deveshsurve/UNIVERSITY/PROJECT/classify-pdf/data_files/Order 2.pdf
2024-11-01 18:39:48.812 | INFO     | __main__:extract_text_ocr:85 - Converted PDF to 1 images
2024-11-01 18:39:50.555 | INFO     | __main__:extract_text_ocr:89 - Extracted text from image successfully
2024-11-01 18:39:50.556 | INFO     | __main__:wrapper:37 - Time taken for extract_text_ocr: 2.03 seconds
2024-11-01 18:39:50.556 | INFO     | __main__:refined_clean_text:118 - Beginning text cleaning
2024-11-01 18:39:50.556 | INFO     | __main__:refined_clean_text:148 - Text cleaning completed
2024-11-01 18:39:50.556 | INFO     | __main__:wrapper:37 - Time taken for refined_clean_text: 0.00 seconds
2024-11-01 18:39:50.556 | INFO     | __main__:classify_document:233 - Classifying document
2024-11-01 18:39:50.556 | INFO     | __main__:classify_document:236 - Classifying document for class: Compliance
2024-11-01 18:39:51.030 | INFO     | __main__:classify_document:236 - Classifying document for class: Sleep
2024-11-01 18:39:51.398 | INFO     | __main__:classify_document:236 - Classifying document for class: Order
2024-11-01 18:39:52.110 | INFO     | __main__:classify_document:236 - Classifying document for class: Delivery
2024-11-01 18:39:52.816 | INFO     | __main__:classify_document:236 - Classifying document for class: Physician
2024-11-01 18:39:53.237 | INFO     | __main__:classify_document:236 - Classifying document for class: Prescription
2024-11-01 18:39:53.634 | INFO     | __main__:classify_document:249 - High confidence classes: {'Order': 0.95}
2024-11-01 18:39:53.634 | INFO     | __main__:classify_document:268 - Predicted Class: Order, Confidence: 0.95
2024-11-01 18:39:53.634 | INFO     | __main__:classify_document:284 - Saving classification result for file: Order 2.pdf
2024-11-01 18:39:53.635 | INFO     | __main__:wrapper:37 - Time taken for classify_document: 3.08 seconds
2024-11-01 18:39:53.642 | INFO     | __main__:process_pdfs:426 - File: /Users/deveshsurve/UNIVERSITY/PROJECT/classify-pdf/data_files/Order 2.pdf, Predicted Class: Order, Confidence: 0.95
2024-11-01 18:39:53.643 | INFO     | __main__:process_pdfs:427 - Process Metadata: {'OCR': {'time': 2.0342888832092285}, 'Text Cleaning': {'time': 0.00030803680419921875}, 'Classification': {'time': 3.078618049621582}}
2024-11-01 18:39:53.643 | INFO     | __main__:process_pdfs:398 - Processing file: /Users/deveshsurve/UNIVERSITY/PROJECT/classify-pdf/data_files/Physician Notes 3.pdf
2024-11-01 18:39:53.644 | INFO     | __main__:extract_text_ocr:81 - Extracting text from PDF file: /Users/deveshsurve/UNIVERSITY/PROJECT/classify-pdf/data_files/Physician Notes 3.pdf
2024-11-01 18:39:54.799 | INFO     | __main__:extract_text_ocr:85 - Converted PDF to 6 images
2024-11-01 18:40:05.538 | INFO     | __main__:extract_text_ocr:89 - Extracted text from image successfully
2024-11-01 18:40:05.543 | INFO     | __main__:wrapper:37 - Time taken for extract_text_ocr: 11.90 seconds
2024-11-01 18:40:05.544 | INFO     | __main__:refined_clean_text:118 - Beginning text cleaning
2024-11-01 18:40:05.545 | INFO     | __main__:refined_clean_text:148 - Text cleaning completed
2024-11-01 18:40:05.545 | INFO     | __main__:wrapper:37 - Time taken for refined_clean_text: 0.00 seconds
2024-11-01 18:40:05.545 | INFO     | __main__:classify_document:233 - Classifying document
2024-11-01 18:40:05.545 | INFO     | __main__:classify_document:236 - Classifying document for class: Compliance
2024-11-01 18:40:06.036 | INFO     | __main__:classify_document:236 - Classifying document for class: Sleep
2024-11-01 18:40:06.542 | INFO     | __main__:classify_document:236 - Classifying document for class: Order
2024-11-01 18:40:06.935 | INFO     | __main__:classify_document:236 - Classifying document for class: Delivery
2024-11-01 18:40:07.358 | INFO     | __main__:classify_document:236 - Classifying document for class: Physician
2024-11-01 18:40:07.882 | INFO     | __main__:classify_document:236 - Classifying document for class: Prescription
2024-11-01 18:40:08.356 | INFO     | __main__:classify_document:249 - High confidence classes: {'Sleep': 0.85, 'Physician': 0.95}
2024-11-01 18:40:08.356 | INFO     | __main__:classify_document:276 - Multiple high-confidence classifications found, using few-shot example classification
2024-11-01 18:40:08.356 | INFO     | __main__:classify_with_few_shot:311 - Classifying document with few-shot examples
2024-11-01 18:40:08.967 | INFO     | __main__:classify_document:284 - Saving classification result for file: Physician Notes 3.pdf
2024-11-01 18:40:08.968 | INFO     | __main__:wrapper:37 - Time taken for classify_document: 3.42 seconds
2024-11-01 18:40:08.977 | INFO     | __main__:process_pdfs:426 - File: /Users/deveshsurve/UNIVERSITY/PROJECT/classify-pdf/data_files/Physician Notes 3.pdf, Predicted Class: Physician, Confidence: 0.9
2024-11-01 18:40:08.977 | INFO     | __main__:process_pdfs:427 - Process Metadata: {'OCR': {'time': 11.899874210357666}, 'Text Cleaning': {'time': 0.0011279582977294922}, 'Classification': {'time': 3.4232850074768066}}
2024-11-01 18:40:08.977 | INFO     | __main__:process_pdfs:398 - Processing file: /Users/deveshsurve/UNIVERSITY/PROJECT/classify-pdf/data_files/Delivery Ticket 1.pdf
2024-11-01 18:40:08.978 | INFO     | __main__:extract_text_ocr:81 - Extracting text from PDF file: /Users/deveshsurve/UNIVERSITY/PROJECT/classify-pdf/data_files/Delivery Ticket 1.pdf
2024-11-01 18:40:09.253 | INFO     | __main__:extract_text_ocr:85 - Converted PDF to 2 images
2024-11-01 18:40:12.699 | INFO     | __main__:extract_text_ocr:89 - Extracted text from image successfully
2024-11-01 18:40:12.700 | INFO     | __main__:wrapper:37 - Time taken for extract_text_ocr: 3.72 seconds
2024-11-01 18:40:12.700 | INFO     | __main__:refined_clean_text:118 - Beginning text cleaning
2024-11-01 18:40:12.701 | INFO     | __main__:refined_clean_text:148 - Text cleaning completed
2024-11-01 18:40:12.701 | INFO     | __main__:wrapper:37 - Time taken for refined_clean_text: 0.00 seconds
2024-11-01 18:40:12.701 | INFO     | __main__:classify_document:233 - Classifying document
2024-11-01 18:40:12.701 | INFO     | __main__:classify_document:236 - Classifying document for class: Compliance
2024-11-01 18:40:13.197 | INFO     | __main__:classify_document:236 - Classifying document for class: Sleep
2024-11-01 18:40:13.708 | INFO     | __main__:classify_document:236 - Classifying document for class: Order
2024-11-01 18:40:14.102 | INFO     | __main__:classify_document:236 - Classifying document for class: Delivery
2024-11-01 18:40:14.441 | INFO     | __main__:classify_document:236 - Classifying document for class: Physician
2024-11-01 18:40:15.036 | INFO     | __main__:classify_document:236 - Classifying document for class: Prescription
2024-11-01 18:40:15.654 | INFO     | __main__:classify_document:249 - High confidence classes: {'Order': 0.95, 'Delivery': 0.95}
2024-11-01 18:40:15.655 | INFO     | __main__:classify_document:276 - Multiple high-confidence classifications found, using few-shot example classification
2024-11-01 18:40:15.655 | INFO     | __main__:classify_with_few_shot:311 - Classifying document with few-shot examples
2024-11-01 18:40:16.166 | INFO     | __main__:classify_document:284 - Saving classification result for file: Delivery Ticket 1.pdf
2024-11-01 18:40:16.167 | INFO     | __main__:wrapper:37 - Time taken for classify_document: 3.47 seconds
2024-11-01 18:40:16.173 | INFO     | __main__:process_pdfs:426 - File: /Users/deveshsurve/UNIVERSITY/PROJECT/classify-pdf/data_files/Delivery Ticket 1.pdf, Predicted Class: Delivery, Confidence: 0.9
2024-11-01 18:40:16.173 | INFO     | __main__:process_pdfs:427 - Process Metadata: {'OCR': {'time': 3.7223970890045166}, 'Text Cleaning': {'time': 0.0005249977111816406}, 'Classification': {'time': 3.4661130905151367}}
2024-11-01 18:40:16.174 | INFO     | __main__:process_pdfs:398 - Processing file: /Users/deveshsurve/UNIVERSITY/PROJECT/classify-pdf/data_files/Physician Notes 2.pdf
2024-11-01 18:40:16.174 | INFO     | __main__:extract_text_ocr:81 - Extracting text from PDF file: /Users/deveshsurve/UNIVERSITY/PROJECT/classify-pdf/data_files/Physician Notes 2.pdf
2024-11-01 18:40:19.105 | INFO     | __main__:extract_text_ocr:85 - Converted PDF to 7 images
2024-11-01 18:40:30.421 | INFO     | __main__:extract_text_ocr:89 - Extracted text from image successfully
2024-11-01 18:40:30.426 | INFO     | __main__:wrapper:37 - Time taken for extract_text_ocr: 14.25 seconds
2024-11-01 18:40:30.426 | INFO     | __main__:refined_clean_text:118 - Beginning text cleaning
2024-11-01 18:40:30.427 | INFO     | __main__:refined_clean_text:148 - Text cleaning completed
2024-11-01 18:40:30.428 | INFO     | __main__:wrapper:37 - Time taken for refined_clean_text: 0.00 seconds
2024-11-01 18:40:30.428 | INFO     | __main__:classify_document:233 - Classifying document
2024-11-01 18:40:30.428 | INFO     | __main__:classify_document:236 - Classifying document for class: Compliance
2024-11-01 18:40:31.024 | INFO     | __main__:classify_document:236 - Classifying document for class: Sleep
2024-11-01 18:40:32.042 | INFO     | __main__:classify_document:236 - Classifying document for class: Order
2024-11-01 18:40:32.553 | INFO     | __main__:classify_document:236 - Classifying document for class: Delivery
2024-11-01 18:40:33.057 | INFO     | __main__:classify_document:236 - Classifying document for class: Physician
2024-11-01 18:40:33.472 | INFO     | __main__:classify_document:236 - Classifying document for class: Prescription
2024-11-01 18:40:33.880 | INFO     | __main__:classify_document:249 - High confidence classes: {'Sleep': 0.95, 'Physician': 0.98}
2024-11-01 18:40:33.881 | INFO     | __main__:classify_document:276 - Multiple high-confidence classifications found, using few-shot example classification
2024-11-01 18:40:33.881 | INFO     | __main__:classify_with_few_shot:311 - Classifying document with few-shot examples
2024-11-01 18:40:34.499 | INFO     | __main__:classify_document:284 - Saving classification result for file: Physician Notes 2.pdf
2024-11-01 18:40:34.499 | INFO     | __main__:wrapper:37 - Time taken for classify_document: 4.07 seconds
2024-11-01 18:40:34.509 | INFO     | __main__:process_pdfs:426 - File: /Users/deveshsurve/UNIVERSITY/PROJECT/classify-pdf/data_files/Physician Notes 2.pdf, Predicted Class: Physician, Confidence: 0.9
2024-11-01 18:40:34.509 | INFO     | __main__:process_pdfs:427 - Process Metadata: {'OCR': {'time': 14.252412796020508}, 'Text Cleaning': {'time': 0.0012547969818115234}, 'Classification': {'time': 4.071799993515015}}
2024-11-01 18:40:34.510 | INFO     | __main__:process_pdfs:398 - Processing file: /Users/deveshsurve/UNIVERSITY/PROJECT/classify-pdf/data_files/Order 1.pdf
2024-11-01 18:40:34.510 | INFO     | __main__:extract_text_ocr:81 - Extracting text from PDF file: /Users/deveshsurve/UNIVERSITY/PROJECT/classify-pdf/data_files/Order 1.pdf
2024-11-01 18:40:34.801 | INFO     | __main__:extract_text_ocr:85 - Converted PDF to 1 images
2024-11-01 18:40:36.352 | INFO     | __main__:extract_text_ocr:89 - Extracted text from image successfully
2024-11-01 18:40:36.352 | INFO     | __main__:wrapper:37 - Time taken for extract_text_ocr: 1.84 seconds
2024-11-01 18:40:36.352 | INFO     | __main__:refined_clean_text:118 - Beginning text cleaning
2024-11-01 18:40:36.353 | INFO     | __main__:refined_clean_text:148 - Text cleaning completed
2024-11-01 18:40:36.353 | INFO     | __main__:wrapper:37 - Time taken for refined_clean_text: 0.00 seconds
2024-11-01 18:40:36.353 | INFO     | __main__:classify_document:233 - Classifying document
2024-11-01 18:40:36.353 | INFO     | __main__:classify_document:236 - Classifying document for class: Compliance
2024-11-01 18:40:36.701 | INFO     | __main__:classify_document:236 - Classifying document for class: Sleep
2024-11-01 18:40:37.158 | INFO     | __main__:classify_document:236 - Classifying document for class: Order
2024-11-01 18:40:37.646 | INFO     | __main__:classify_document:236 - Classifying document for class: Delivery
2024-11-01 18:40:38.080 | INFO     | __main__:classify_document:236 - Classifying document for class: Physician
2024-11-01 18:40:38.427 | INFO     | __main__:classify_document:236 - Classifying document for class: Prescription
2024-11-01 18:40:38.760 | INFO     | __main__:classify_document:249 - High confidence classes: {'Order': 0.95, 'Physician': 0.85}
2024-11-01 18:40:38.760 | INFO     | __main__:classify_document:276 - Multiple high-confidence classifications found, using few-shot example classification
2024-11-01 18:40:38.761 | INFO     | __main__:classify_with_few_shot:311 - Classifying document with few-shot examples
2024-11-01 18:40:39.208 | INFO     | __main__:classify_document:284 - Saving classification result for file: Order 1.pdf
2024-11-01 18:40:39.209 | INFO     | __main__:wrapper:37 - Time taken for classify_document: 2.86 seconds
2024-11-01 18:40:39.215 | INFO     | __main__:process_pdfs:426 - File: /Users/deveshsurve/UNIVERSITY/PROJECT/classify-pdf/data_files/Order 1.pdf, Predicted Class: Order, Confidence: 0.9
2024-11-01 18:40:39.215 | INFO     | __main__:process_pdfs:427 - Process Metadata: {'OCR': {'time': 1.8422479629516602}, 'Text Cleaning': {'time': 0.00032591819763183594}, 'Classification': {'time': 2.856121063232422}}
2024-11-01 18:40:39.215 | INFO     | __main__:process_pdfs:398 - Processing file: /Users/deveshsurve/UNIVERSITY/PROJECT/classify-pdf/data_files/Prescription 2.pdf
2024-11-01 18:40:39.216 | INFO     | __main__:extract_text_ocr:81 - Extracting text from PDF file: /Users/deveshsurve/UNIVERSITY/PROJECT/classify-pdf/data_files/Prescription 2.pdf
2024-11-01 18:40:39.709 | INFO     | __main__:extract_text_ocr:85 - Converted PDF to 1 images
2024-11-01 18:40:41.383 | INFO     | __main__:extract_text_ocr:89 - Extracted text from image successfully
2024-11-01 18:40:41.383 | INFO     | __main__:wrapper:37 - Time taken for extract_text_ocr: 2.17 seconds
2024-11-01 18:40:41.384 | INFO     | __main__:refined_clean_text:118 - Beginning text cleaning
2024-11-01 18:40:41.384 | INFO     | __main__:refined_clean_text:148 - Text cleaning completed
2024-11-01 18:40:41.384 | INFO     | __main__:wrapper:37 - Time taken for refined_clean_text: 0.00 seconds
2024-11-01 18:40:41.384 | INFO     | __main__:classify_document:233 - Classifying document
2024-11-01 18:40:41.384 | INFO     | __main__:classify_document:236 - Classifying document for class: Compliance
2024-11-01 18:40:41.971 | INFO     | __main__:classify_document:236 - Classifying document for class: Sleep
2024-11-01 18:40:42.297 | INFO     | __main__:classify_document:236 - Classifying document for class: Order
2024-11-01 18:40:42.790 | INFO     | __main__:classify_document:236 - Classifying document for class: Delivery
2024-11-01 18:40:43.227 | INFO     | __main__:classify_document:236 - Classifying document for class: Physician
2024-11-01 18:40:43.709 | INFO     | __main__:classify_document:236 - Classifying document for class: Prescription
2024-11-01 18:40:44.225 | INFO     | __main__:classify_document:249 - High confidence classes: {'Order': 0.95, 'Physician': 0.85}
2024-11-01 18:40:44.225 | INFO     | __main__:classify_document:276 - Multiple high-confidence classifications found, using few-shot example classification
2024-11-01 18:40:44.226 | INFO     | __main__:classify_with_few_shot:311 - Classifying document with few-shot examples
2024-11-01 18:40:44.529 | INFO     | __main__:classify_document:284 - Saving classification result for file: Prescription 2.pdf
2024-11-01 18:40:44.530 | INFO     | __main__:wrapper:37 - Time taken for classify_document: 3.15 seconds
2024-11-01 18:40:44.536 | INFO     | __main__:process_pdfs:426 - File: /Users/deveshsurve/UNIVERSITY/PROJECT/classify-pdf/data_files/Prescription 2.pdf, Predicted Class: Order, Confidence: 0.9
2024-11-01 18:40:44.537 | INFO     | __main__:process_pdfs:427 - Process Metadata: {'OCR': {'time': 2.1679201126098633}, 'Text Cleaning': {'time': 0.00033473968505859375}, 'Classification': {'time': 3.1458098888397217}}
2024-11-01 18:40:44.537 | INFO     | __main__:process_pdfs:398 - Processing file: /Users/deveshsurve/UNIVERSITY/PROJECT/classify-pdf/data_files/Order 4.pdf
2024-11-01 18:40:44.538 | INFO     | __main__:extract_text_ocr:81 - Extracting text from PDF file: /Users/deveshsurve/UNIVERSITY/PROJECT/classify-pdf/data_files/Order 4.pdf
2024-11-01 18:40:44.834 | INFO     | __main__:extract_text_ocr:85 - Converted PDF to 1 images
2024-11-01 18:40:46.006 | INFO     | __main__:extract_text_ocr:89 - Extracted text from image successfully
2024-11-01 18:40:46.007 | INFO     | __main__:wrapper:37 - Time taken for extract_text_ocr: 1.47 seconds
2024-11-01 18:40:46.007 | INFO     | __main__:refined_clean_text:118 - Beginning text cleaning
2024-11-01 18:40:46.007 | INFO     | __main__:refined_clean_text:148 - Text cleaning completed
2024-11-01 18:40:46.007 | INFO     | __main__:wrapper:37 - Time taken for refined_clean_text: 0.00 seconds
2024-11-01 18:40:46.007 | INFO     | __main__:classify_document:233 - Classifying document
2024-11-01 18:40:46.007 | INFO     | __main__:classify_document:236 - Classifying document for class: Compliance
2024-11-01 18:40:46.482 | INFO     | __main__:classify_document:236 - Classifying document for class: Sleep
2024-11-01 18:40:46.883 | INFO     | __main__:classify_document:236 - Classifying document for class: Order
2024-11-01 18:40:47.294 | INFO     | __main__:classify_document:236 - Classifying document for class: Delivery
2024-11-01 18:40:47.735 | INFO     | __main__:classify_document:236 - Classifying document for class: Physician
2024-11-01 18:40:48.225 | INFO     | __main__:classify_document:236 - Classifying document for class: Prescription
2024-11-01 18:40:48.630 | INFO     | __main__:classify_document:249 - High confidence classes: {}
2024-11-01 18:40:48.631 | INFO     | __main__:classify_document:271 - No high-confidence classification found, using few-shot example classification
2024-11-01 18:40:48.631 | INFO     | __main__:classify_with_few_shot:311 - Classifying document with few-shot examples
2024-11-01 18:40:49.145 | INFO     | __main__:classify_document:284 - Saving classification result for file: Order 4.pdf
2024-11-01 18:40:49.145 | INFO     | __main__:wrapper:37 - Time taken for classify_document: 3.14 seconds
2024-11-01 18:40:49.152 | INFO     | __main__:process_pdfs:426 - File: /Users/deveshsurve/UNIVERSITY/PROJECT/classify-pdf/data_files/Order 4.pdf, Predicted Class: Physician, Confidence: 0.9
2024-11-01 18:40:49.153 | INFO     | __main__:process_pdfs:427 - Process Metadata: {'OCR': {'time': 1.4693701267242432}, 'Text Cleaning': {'time': 0.00018596649169921875}, 'Classification': {'time': 3.1379480361938477}}
2024-11-01 18:40:49.153 | INFO     | __main__:process_pdfs:398 - Processing file: /Users/deveshsurve/UNIVERSITY/PROJECT/classify-pdf/data_files/Physician Notes 4.pdf
2024-11-01 18:40:49.154 | INFO     | __main__:extract_text_ocr:81 - Extracting text from PDF file: /Users/deveshsurve/UNIVERSITY/PROJECT/classify-pdf/data_files/Physician Notes 4.pdf
2024-11-01 18:40:50.151 | INFO     | __main__:extract_text_ocr:85 - Converted PDF to 4 images
2024-11-01 18:40:59.499 | INFO     | __main__:extract_text_ocr:89 - Extracted text from image successfully
2024-11-01 18:40:59.503 | INFO     | __main__:wrapper:37 - Time taken for extract_text_ocr: 10.35 seconds
2024-11-01 18:40:59.503 | INFO     | __main__:refined_clean_text:118 - Beginning text cleaning
2024-11-01 18:40:59.504 | INFO     | __main__:refined_clean_text:148 - Text cleaning completed
2024-11-01 18:40:59.504 | INFO     | __main__:wrapper:37 - Time taken for refined_clean_text: 0.00 seconds
2024-11-01 18:40:59.504 | INFO     | __main__:classify_document:233 - Classifying document
2024-11-01 18:40:59.504 | INFO     | __main__:classify_document:236 - Classifying document for class: Compliance
2024-11-01 18:40:59.934 | INFO     | __main__:classify_document:236 - Classifying document for class: Sleep
2024-11-01 18:41:00.506 | INFO     | __main__:classify_document:236 - Classifying document for class: Order
2024-11-01 18:41:00.976 | INFO     | __main__:classify_document:236 - Classifying document for class: Delivery
2024-11-01 18:41:01.838 | INFO     | __main__:classify_document:236 - Classifying document for class: Physician
2024-11-01 18:41:02.447 | INFO     | __main__:classify_document:236 - Classifying document for class: Prescription
2024-11-01 18:41:02.964 | INFO     | __main__:classify_document:249 - High confidence classes: {'Sleep': 0.85, 'Physician': 0.95}
2024-11-01 18:41:02.965 | INFO     | __main__:classify_document:276 - Multiple high-confidence classifications found, using few-shot example classification
2024-11-01 18:41:02.965 | INFO     | __main__:classify_with_few_shot:311 - Classifying document with few-shot examples
2024-11-01 18:41:04.703 | INFO     | __main__:classify_document:284 - Saving classification result for file: Physician Notes 4.pdf
2024-11-01 18:41:04.703 | INFO     | __main__:wrapper:37 - Time taken for classify_document: 5.20 seconds
2024-11-01 18:41:04.712 | INFO     | __main__:process_pdfs:426 - File: /Users/deveshsurve/UNIVERSITY/PROJECT/classify-pdf/data_files/Physician Notes 4.pdf, Predicted Class: Physician, Confidence: 0.9
2024-11-01 18:41:04.713 | INFO     | __main__:process_pdfs:427 - Process Metadata: {'OCR': {'time': 10.348973274230957}, 'Text Cleaning': {'time': 0.001026153564453125}, 'Classification': {'time': 5.199544191360474}}
2024-11-01 18:41:04.713 | INFO     | __main__:process_pdfs:398 - Processing file: /Users/deveshsurve/UNIVERSITY/PROJECT/classify-pdf/data_files/Prescription 1.pdf
2024-11-01 18:41:04.714 | INFO     | __main__:extract_text_ocr:81 - Extracting text from PDF file: /Users/deveshsurve/UNIVERSITY/PROJECT/classify-pdf/data_files/Prescription 1.pdf
2024-11-01 18:41:05.010 | INFO     | __main__:extract_text_ocr:85 - Converted PDF to 1 images
2024-11-01 18:41:06.280 | INFO     | __main__:extract_text_ocr:89 - Extracted text from image successfully
2024-11-01 18:41:06.281 | INFO     | __main__:wrapper:37 - Time taken for extract_text_ocr: 1.57 seconds
2024-11-01 18:41:06.281 | INFO     | __main__:refined_clean_text:118 - Beginning text cleaning
2024-11-01 18:41:06.281 | INFO     | __main__:refined_clean_text:148 - Text cleaning completed
2024-11-01 18:41:06.281 | INFO     | __main__:wrapper:37 - Time taken for refined_clean_text: 0.00 seconds
2024-11-01 18:41:06.281 | INFO     | __main__:classify_document:233 - Classifying document
2024-11-01 18:41:06.281 | INFO     | __main__:classify_document:236 - Classifying document for class: Compliance
2024-11-01 18:41:06.749 | INFO     | __main__:classify_document:236 - Classifying document for class: Sleep
2024-11-01 18:41:07.161 | INFO     | __main__:classify_document:236 - Classifying document for class: Order
2024-11-01 18:41:10.541 | INFO     | __main__:classify_document:236 - Classifying document for class: Delivery
2024-11-01 18:41:11.050 | INFO     | __main__:classify_document:236 - Classifying document for class: Physician
2024-11-01 18:41:11.561 | INFO     | __main__:classify_document:236 - Classifying document for class: Prescription
2024-11-01 18:41:11.974 | INFO     | __main__:classify_document:249 - High confidence classes: {}
2024-11-01 18:41:11.975 | INFO     | __main__:classify_document:271 - No high-confidence classification found, using few-shot example classification
2024-11-01 18:41:11.975 | INFO     | __main__:classify_with_few_shot:311 - Classifying document with few-shot examples
2024-11-01 18:41:13.233 | INFO     | __main__:classify_document:284 - Saving classification result for file: Prescription 1.pdf
2024-11-01 18:41:13.234 | INFO     | __main__:wrapper:37 - Time taken for classify_document: 6.95 seconds
2024-11-01 18:41:13.242 | INFO     | __main__:process_pdfs:426 - File: /Users/deveshsurve/UNIVERSITY/PROJECT/classify-pdf/data_files/Prescription 1.pdf, Predicted Class: Prescription, Confidence: 0.9
2024-11-01 18:41:13.243 | INFO     | __main__:process_pdfs:427 - Process Metadata: {'OCR': {'time': 1.5671679973602295}, 'Text Cleaning': {'time': 0.00024199485778808594}, 'Classification': {'time': 6.952379941940308}}
2024-11-01 18:41:13.243 | INFO     | __main__:wrapper:37 - Time taken for process_pdfs: 228.94 seconds
